Sep-22 10:08:48.601 [main] DEBUG nextflow.cli.Launcher - $> nextflow gip.nf --genome ../inputData/dataset/Linf_test.fa --annotation ../inputData/dataset/Linf_test.ge.gtf --index index.tsv -c gip.config -resume
Sep-22 10:08:48.666 [main] INFO  nextflow.cli.CmdRun - N E X T F L O W  ~  version 20.04.1
Sep-22 10:08:48.686 [main] INFO  nextflow.cli.CmdRun - Launching `gip.nf` [elegant_baekeland] - revision: f8b381f078
Sep-22 10:08:48.713 [main] DEBUG nextflow.config.ConfigBuilder - User config file: /home/gbussott/Desktop/GIP_githubRepo/nextflowImplementation/gip.config
Sep-22 10:08:48.713 [main] DEBUG nextflow.config.ConfigBuilder - Parsing config file: /home/gbussott/Desktop/GIP_githubRepo/nextflowImplementation/gip.config
Sep-22 10:08:48.734 [main] DEBUG nextflow.config.ConfigBuilder - Applying config profile: `standard`
Sep-22 10:08:49.144 [main] WARN  nextflow.config.ConfigBuilder - It appears you have never run this project before -- Option `-resume` is ignored
Sep-22 10:08:49.195 [main] DEBUG nextflow.Session - Session uuid: 3307eb34-5bdd-4907-8389-1f60ef0da0d4
Sep-22 10:08:49.196 [main] DEBUG nextflow.Session - Run name: elegant_baekeland
Sep-22 10:08:49.196 [main] DEBUG nextflow.Session - Executor pool size: 4
Sep-22 10:08:49.212 [main] DEBUG nextflow.cli.CmdRun - 
  Version: 20.04.1 build 5335
  Created: 03-05-2020 19:37 UTC (21:37 CEST)
  System: Linux 5.4.0-47-generic
  Runtime: Groovy 2.5.8 on OpenJDK 64-Bit Server VM 1.8.0_265-8u265-b01-0ubuntu2~18.04-b01
  Encoding: UTF-8 (UTF-8)
  Process: 2013@giovanni-ubuntu18 [127.0.1.1]
  CPUs: 4 - Mem: 20.3 GB (18.3 GB) - Swap: 2 GB (2 GB)
Sep-22 10:08:49.246 [main] DEBUG nextflow.Session - Work-dir: /home/gbussott/Desktop/GIP_githubRepo/nextflowImplementation/work [ext2/ext3]
Sep-22 10:08:49.246 [main] DEBUG nextflow.Session - Script base path does not exist or is not a directory: /home/gbussott/Desktop/GIP_githubRepo/nextflowImplementation/bin
Sep-22 10:08:49.270 [main] DEBUG nextflow.Session - Observer factory: TowerFactory
Sep-22 10:08:49.271 [main] DEBUG nextflow.Session - Observer factory: DefaultObserverFactory
Sep-22 10:08:49.516 [main] DEBUG nextflow.Session - Session start invoked
Sep-22 10:08:49.829 [main] DEBUG nextflow.script.ScriptRunner - > Launching execution
Sep-22 10:08:49.833 [main] DEBUG nextflow.Session - Workflow process names [dsl1]: prepareGenome, mappingStats, bigWigGenomeCov, covPerNt, covPerClstr, processGeneFunction, covPerGe, snpEff, covPerBin, freebayes, report, covPerChr, dellySVref, map
Sep-22 10:08:49.957 [main] DEBUG nextflow.executor.ExecutorFactory - << taskConfig executor: local
Sep-22 10:08:49.958 [main] DEBUG nextflow.executor.ExecutorFactory - >> processorType: 'local'
Sep-22 10:08:49.962 [main] DEBUG nextflow.executor.Executor - [warm up] executor > local
Sep-22 10:08:49.966 [main] DEBUG n.processor.LocalPollingMonitor - Creating local task monitor for executor 'local' > cpus=4; memory=20.3 GB; capacity=500; pollInterval=100ms; dumpInterval=5m
Sep-22 10:08:50.016 [main] DEBUG nextflow.script.ProcessConfig - Config settings `withName:prepareGenome` matches process prepareGenome
Sep-22 10:08:50.018 [main] DEBUG nextflow.executor.ExecutorFactory - << taskConfig executor: local
Sep-22 10:08:50.018 [main] DEBUG nextflow.executor.ExecutorFactory - >> processorType: 'local'
Sep-22 10:08:50.039 [main] DEBUG nextflow.script.ProcessConfig - Config settings `withName:map` matches process map
Sep-22 10:08:50.040 [main] DEBUG nextflow.executor.ExecutorFactory - << taskConfig executor: local
Sep-22 10:08:50.040 [main] DEBUG nextflow.executor.ExecutorFactory - >> processorType: 'local'
Sep-22 10:08:50.047 [main] DEBUG nextflow.script.ProcessConfig - Config settings `withName:covPerChr` matches process covPerChr
Sep-22 10:08:50.047 [main] DEBUG nextflow.executor.ExecutorFactory - << taskConfig executor: local
Sep-22 10:08:50.047 [main] DEBUG nextflow.executor.ExecutorFactory - >> processorType: 'local'
Sep-22 10:08:50.053 [main] DEBUG nextflow.script.ProcessConfig - Config settings `withName:covPerNt` matches process covPerNt
Sep-22 10:08:50.054 [main] DEBUG nextflow.executor.ExecutorFactory - << taskConfig executor: local
Sep-22 10:08:50.054 [main] DEBUG nextflow.executor.ExecutorFactory - >> processorType: 'local'
Sep-22 10:08:50.060 [main] DEBUG nextflow.script.ProcessConfig - Config settings `withName:covPerBin` matches process covPerBin
Sep-22 10:08:50.059 [Actor Thread 1] DEBUG nextflow.util.CacheHelper - Unable to get file attributes file: /home/gbussott/Desktop/GIP_githubRepo/nextflowImplementation/NA -- Cause: java.nio.file.NoSuchFileException: /home/gbussott/Desktop/GIP_githubRepo/nextflowImplementation/NA
Sep-22 10:08:50.059 [Actor Thread 5] DEBUG nextflow.util.CacheHelper - Unable to get file attributes file: /home/gbussott/Desktop/GIP_githubRepo/nextflowImplementation/default -- Cause: java.nio.file.NoSuchFileException: /home/gbussott/Desktop/GIP_githubRepo/nextflowImplementation/default
Sep-22 10:08:50.060 [main] DEBUG nextflow.executor.ExecutorFactory - << taskConfig executor: local
Sep-22 10:08:50.060 [main] DEBUG nextflow.executor.ExecutorFactory - >> processorType: 'local'
Sep-22 10:08:50.065 [main] DEBUG nextflow.script.ProcessConfig - Config settings `withName:mappingStats` matches process mappingStats
Sep-22 10:08:50.065 [main] DEBUG nextflow.executor.ExecutorFactory - << taskConfig executor: local
Sep-22 10:08:50.066 [main] DEBUG nextflow.executor.ExecutorFactory - >> processorType: 'local'
Sep-22 10:08:50.070 [main] DEBUG nextflow.script.ProcessConfig - Config settings `withName:covPerGe` matches process covPerGe
Sep-22 10:08:50.071 [main] DEBUG nextflow.executor.ExecutorFactory - << taskConfig executor: local
Sep-22 10:08:50.071 [main] DEBUG nextflow.executor.ExecutorFactory - >> processorType: 'local'
Sep-22 10:08:50.077 [main] DEBUG nextflow.script.ProcessConfig - Config settings `withName:freebayes` matches process freebayes
Sep-22 10:08:50.077 [main] DEBUG nextflow.executor.ExecutorFactory - << taskConfig executor: local
Sep-22 10:08:50.078 [main] DEBUG nextflow.executor.ExecutorFactory - >> processorType: 'local'
Sep-22 10:08:50.082 [main] DEBUG nextflow.script.ProcessConfig - Config settings `withName:snpEff` matches process snpEff
Sep-22 10:08:50.082 [main] DEBUG nextflow.executor.ExecutorFactory - << taskConfig executor: local
Sep-22 10:08:50.082 [main] DEBUG nextflow.executor.ExecutorFactory - >> processorType: 'local'
Sep-22 10:08:50.086 [main] DEBUG nextflow.script.ProcessConfig - Config settings `withName:dellySVref` matches process dellySVref
Sep-22 10:08:50.086 [main] DEBUG nextflow.executor.ExecutorFactory - << taskConfig executor: local
Sep-22 10:08:50.086 [main] DEBUG nextflow.executor.ExecutorFactory - >> processorType: 'local'
Sep-22 10:08:50.088 [main] DEBUG nextflow.script.ProcessConfig - Config settings `withName:bigWigGenomeCov` matches process bigWigGenomeCov
Sep-22 10:08:50.089 [main] DEBUG nextflow.executor.ExecutorFactory - << taskConfig executor: local
Sep-22 10:08:50.089 [main] DEBUG nextflow.executor.ExecutorFactory - >> processorType: 'local'
Sep-22 10:08:50.094 [main] DEBUG nextflow.executor.ExecutorFactory - << taskConfig executor: local
Sep-22 10:08:50.094 [main] DEBUG nextflow.executor.ExecutorFactory - >> processorType: 'local'
Sep-22 10:08:50.102 [main] DEBUG nextflow.script.ProcessConfig - Config settings `withName:report` matches process report
Sep-22 10:08:50.102 [main] DEBUG nextflow.executor.ExecutorFactory - << taskConfig executor: local
Sep-22 10:08:50.102 [main] DEBUG nextflow.executor.ExecutorFactory - >> processorType: 'local'
Sep-22 10:08:50.104 [main] DEBUG nextflow.script.ScriptRunner - > Await termination 
Sep-22 10:08:50.104 [main] DEBUG nextflow.Session - Session await
Sep-22 10:08:50.106 [Task submitter] DEBUG nextflow.executor.LocalTaskHandler - Launch cmd line: /bin/bash -ue .command.run
Sep-22 10:08:50.109 [Task submitter] INFO  nextflow.Session - [7b/847f05] Submitted process > prepareGenome
Sep-22 10:08:50.116 [Task submitter] DEBUG nextflow.executor.LocalTaskHandler - Launch cmd line: /bin/bash -ue .command.run
Sep-22 10:08:50.116 [Task submitter] INFO  nextflow.Session - [10/5b2ee1] Submitted process > processGeneFunction
Sep-22 10:08:50.567 [Task monitor] DEBUG n.processor.TaskPollingMonitor - Task completed > TaskHandler[id: 1; name: processGeneFunction; status: COMPLETED; exit: 0; error: -; workDir: /home/gbussott/Desktop/GIP_githubRepo/nextflowImplementation/work/10/5b2ee13a8da9271278fecb4c2fd163]
Sep-22 10:09:12.448 [Task monitor] DEBUG n.processor.TaskPollingMonitor - Task completed > TaskHandler[id: 2; name: prepareGenome; status: COMPLETED; exit: 0; error: -; workDir: /home/gbussott/Desktop/GIP_githubRepo/nextflowImplementation/work/7b/847f05b58c26ca6480141d0aa45235]
Sep-22 10:09:12.472 [Task submitter] DEBUG nextflow.executor.LocalTaskHandler - Launch cmd line: /bin/bash -ue .command.run
Sep-22 10:09:12.472 [Task submitter] INFO  nextflow.Session - [e8/17caf7] Submitted process > map (Dog3)
Sep-22 10:09:12.475 [Task submitter] DEBUG nextflow.executor.LocalTaskHandler - Launch cmd line: /bin/bash -ue .command.run
Sep-22 10:09:12.476 [Task submitter] INFO  nextflow.Session - [08/125706] Submitted process > map (Dog1-P2)
Sep-22 10:11:06.425 [Task monitor] DEBUG n.processor.TaskPollingMonitor - Task completed > TaskHandler[id: 3; name: map (Dog1-P2); status: COMPLETED; exit: 0; error: -; workDir: /home/gbussott/Desktop/GIP_githubRepo/nextflowImplementation/work/08/12570666e456ee49216b38aed79235]
Sep-22 10:11:06.441 [Task submitter] DEBUG nextflow.executor.LocalTaskHandler - Launch cmd line: /bin/bash -ue .command.run
Sep-22 10:11:06.441 [Task submitter] INFO  nextflow.Session - [82/045b4f] Submitted process > bigWigGenomeCov (Dog1-P2)
Sep-22 10:11:06.444 [Task submitter] DEBUG nextflow.executor.LocalTaskHandler - Launch cmd line: /bin/bash -ue .command.run
Sep-22 10:11:06.444 [Task submitter] INFO  nextflow.Session - [00/773e4e] Submitted process > covPerChr (Dog1-P2)
Sep-22 10:11:07.110 [Task monitor] DEBUG n.processor.TaskPollingMonitor - Task completed > TaskHandler[id: 4; name: map (Dog3); status: COMPLETED; exit: 0; error: -; workDir: /home/gbussott/Desktop/GIP_githubRepo/nextflowImplementation/work/e8/17caf79e515331c286d39871036f2d]
Sep-22 10:11:07.133 [Task submitter] DEBUG nextflow.executor.LocalTaskHandler - Launch cmd line: /bin/bash -ue .command.run
Sep-22 10:11:07.135 [Task submitter] INFO  nextflow.Session - [55/9761e9] Submitted process > mappingStats (Dog1-P2)
Sep-22 10:11:07.138 [Task submitter] DEBUG nextflow.executor.LocalTaskHandler - Launch cmd line: /bin/bash -ue .command.run
Sep-22 10:11:07.138 [Task submitter] INFO  nextflow.Session - [02/0fed16] Submitted process > bigWigGenomeCov (Dog3)
Sep-22 10:11:10.227 [Task monitor] DEBUG n.processor.TaskPollingMonitor - Task completed > TaskHandler[id: 6; name: covPerChr (Dog1-P2); status: COMPLETED; exit: 0; error: -; workDir: /home/gbussott/Desktop/GIP_githubRepo/nextflowImplementation/work/00/773e4ecb42e2bda2f02917c0030cdc]
Sep-22 10:11:10.246 [Task submitter] DEBUG nextflow.executor.LocalTaskHandler - Launch cmd line: /bin/bash -ue .command.run
Sep-22 10:11:10.246 [Task submitter] INFO  nextflow.Session - [a6/1e582e] Submitted process > mappingStats (Dog3)
Sep-22 10:11:12.748 [Task monitor] DEBUG n.processor.TaskPollingMonitor - Task completed > TaskHandler[id: 5; name: bigWigGenomeCov (Dog1-P2); status: COMPLETED; exit: 0; error: -; workDir: /home/gbussott/Desktop/GIP_githubRepo/nextflowImplementation/work/82/045b4f4b5817ec5a32fab678613267]
Sep-22 10:11:12.751 [Task submitter] DEBUG nextflow.executor.LocalTaskHandler - Launch cmd line: /bin/bash -ue .command.run
Sep-22 10:11:12.751 [Task submitter] INFO  nextflow.Session - [61/4a7269] Submitted process > covPerChr (Dog3)
Sep-22 10:11:13.592 [Task monitor] DEBUG n.processor.TaskPollingMonitor - Task completed > TaskHandler[id: 8; name: bigWigGenomeCov (Dog3); status: COMPLETED; exit: 0; error: -; workDir: /home/gbussott/Desktop/GIP_githubRepo/nextflowImplementation/work/02/0fed1664591a4bd21ed6f3ba0cfbb0]
Sep-22 10:11:13.597 [Task submitter] DEBUG nextflow.executor.LocalTaskHandler - Launch cmd line: /bin/bash -ue .command.run
Sep-22 10:11:13.597 [Task submitter] INFO  nextflow.Session - [b9/dfd966] Submitted process > covPerNt (Dog1-P2)
Sep-22 10:11:16.396 [Task monitor] DEBUG n.processor.TaskPollingMonitor - Task completed > TaskHandler[id: 9; name: covPerChr (Dog3); status: COMPLETED; exit: 0; error: -; workDir: /home/gbussott/Desktop/GIP_githubRepo/nextflowImplementation/work/61/4a7269696e94df16aa32053f376257]
Sep-22 10:11:16.400 [Task submitter] DEBUG nextflow.executor.LocalTaskHandler - Launch cmd line: /bin/bash -ue .command.run
Sep-22 10:11:16.401 [Task submitter] INFO  nextflow.Session - [7f/dd2a9a] Submitted process > covPerBin (Dog1-P2)
Sep-22 10:11:21.564 [Task monitor] DEBUG n.processor.TaskPollingMonitor - Task completed > TaskHandler[id: 7; name: mappingStats (Dog1-P2); status: COMPLETED; exit: 0; error: -; workDir: /home/gbussott/Desktop/GIP_githubRepo/nextflowImplementation/work/55/9761e90ab172b88387c7ec11d83b82]
Sep-22 10:11:21.567 [Task submitter] DEBUG nextflow.executor.LocalTaskHandler - Launch cmd line: /bin/bash -ue .command.run
Sep-22 10:11:21.567 [Task submitter] INFO  nextflow.Session - [75/1c8dba] Submitted process > freebayes (Dog1-P2)
Sep-22 10:11:25.085 [Task monitor] DEBUG n.processor.TaskPollingMonitor - Task completed > TaskHandler[id: 10; name: mappingStats (Dog3); status: COMPLETED; exit: 0; error: -; workDir: /home/gbussott/Desktop/GIP_githubRepo/nextflowImplementation/work/a6/1e582e4faf98fa03044c7931c5a330]
Sep-22 10:11:25.088 [Task submitter] DEBUG nextflow.executor.LocalTaskHandler - Launch cmd line: /bin/bash -ue .command.run
Sep-22 10:11:25.088 [Task submitter] INFO  nextflow.Session - [48/b6f757] Submitted process > covPerNt (Dog3)
Sep-22 10:11:27.996 [Task monitor] DEBUG n.processor.TaskPollingMonitor - Task completed > TaskHandler[id: 11; name: covPerNt (Dog1-P2); status: COMPLETED; exit: 0; error: -; workDir: /home/gbussott/Desktop/GIP_githubRepo/nextflowImplementation/work/b9/dfd96624e1df440ead0faba6e9517f]
Sep-22 10:11:28.000 [Task submitter] DEBUG nextflow.executor.LocalTaskHandler - Launch cmd line: /bin/bash -ue .command.run
Sep-22 10:11:28.000 [Task submitter] INFO  nextflow.Session - [76/6690a6] Submitted process > freebayes (Dog3)
Sep-22 10:11:38.368 [Task monitor] DEBUG n.processor.TaskPollingMonitor - Task completed > TaskHandler[id: 14; name: covPerNt (Dog3); status: COMPLETED; exit: 0; error: -; workDir: /home/gbussott/Desktop/GIP_githubRepo/nextflowImplementation/work/48/b6f7571fc69a62185d4baa7aa224ef]
Sep-22 10:11:38.373 [Task submitter] DEBUG nextflow.executor.LocalTaskHandler - Launch cmd line: /bin/bash -ue .command.run
Sep-22 10:11:38.373 [Task submitter] INFO  nextflow.Session - [4a/6ba267] Submitted process > covPerBin (Dog3)
Sep-22 10:11:46.076 [Task monitor] DEBUG n.processor.TaskPollingMonitor - Task completed > TaskHandler[id: 12; name: freebayes (Dog1-P2); status: COMPLETED; exit: 0; error: -; workDir: /home/gbussott/Desktop/GIP_githubRepo/nextflowImplementation/work/75/1c8dba9f979e464398a6f640560984]
Sep-22 10:11:46.079 [Task submitter] DEBUG nextflow.executor.LocalTaskHandler - Launch cmd line: /bin/bash -ue .command.run
Sep-22 10:11:46.079 [Task submitter] INFO  nextflow.Session - [45/841da7] Submitted process > dellySVref (Dog1-P2)
Sep-22 10:11:51.638 [Task monitor] DEBUG n.processor.TaskPollingMonitor - Task completed > TaskHandler[id: 15; name: freebayes (Dog3); status: COMPLETED; exit: 0; error: -; workDir: /home/gbussott/Desktop/GIP_githubRepo/nextflowImplementation/work/76/6690a60331f30e648a4d8a37dc7d26]
Sep-22 10:11:51.641 [Task submitter] DEBUG nextflow.executor.LocalTaskHandler - Launch cmd line: /bin/bash -ue .command.run
Sep-22 10:11:51.641 [Task submitter] INFO  nextflow.Session - [d3/3b732b] Submitted process > dellySVref (Dog3)
Sep-22 10:12:08.507 [Task monitor] DEBUG n.processor.TaskPollingMonitor - Task completed > TaskHandler[id: 13; name: covPerBin (Dog1-P2); status: COMPLETED; exit: 0; error: -; workDir: /home/gbussott/Desktop/GIP_githubRepo/nextflowImplementation/work/7f/dd2a9ac6e1b3514f17afd500a91768]
Sep-22 10:12:08.510 [Task submitter] DEBUG nextflow.executor.LocalTaskHandler - Launch cmd line: /bin/bash -ue .command.run
Sep-22 10:12:08.511 [Task submitter] INFO  nextflow.Session - [76/a085c9] Submitted process > snpEff (Dog1-P2)
Sep-22 10:12:21.664 [Task monitor] DEBUG n.processor.TaskPollingMonitor - Task completed > TaskHandler[id: 19; name: snpEff (Dog1-P2); status: COMPLETED; exit: 0; error: -; workDir: /home/gbussott/Desktop/GIP_githubRepo/nextflowImplementation/work/76/a085c910834a8df116bf10dd242a6a]
Sep-22 10:12:21.666 [Task submitter] DEBUG nextflow.executor.LocalTaskHandler - Launch cmd line: /bin/bash -ue .command.run
Sep-22 10:12:21.667 [Task submitter] INFO  nextflow.Session - [72/1f319c] Submitted process > snpEff (Dog3)
Sep-22 10:12:30.049 [Task monitor] DEBUG n.processor.TaskPollingMonitor - Task completed > TaskHandler[id: 16; name: covPerBin (Dog3); status: COMPLETED; exit: 0; error: -; workDir: /home/gbussott/Desktop/GIP_githubRepo/nextflowImplementation/work/4a/6ba267f141c7dded4b745238cb44ca]
Sep-22 10:12:30.053 [Task submitter] DEBUG nextflow.executor.LocalTaskHandler - Launch cmd line: /bin/bash -ue .command.run
Sep-22 10:12:30.053 [Task submitter] INFO  nextflow.Session - [30/cd947c] Submitted process > covPerGe (Dog1-P2)
Sep-22 10:12:34.341 [Task monitor] DEBUG n.processor.TaskPollingMonitor - Task completed > TaskHandler[id: 17; name: dellySVref (Dog1-P2); status: COMPLETED; exit: 0; error: -; workDir: /home/gbussott/Desktop/GIP_githubRepo/nextflowImplementation/work/45/841da7e9a7e55287914f7fe065942b]
Sep-22 10:12:34.345 [Task submitter] DEBUG nextflow.executor.LocalTaskHandler - Launch cmd line: /bin/bash -ue .command.run
Sep-22 10:12:34.346 [Task submitter] INFO  nextflow.Session - [a7/c07284] Submitted process > covPerGe (Dog3)
Sep-22 10:12:34.833 [Task monitor] DEBUG n.processor.TaskPollingMonitor - Task completed > TaskHandler[id: 20; name: snpEff (Dog3); status: COMPLETED; exit: 0; error: -; workDir: /home/gbussott/Desktop/GIP_githubRepo/nextflowImplementation/work/72/1f319c09a3ae54960dfa6227b02fff]
Sep-22 10:12:36.516 [Task monitor] DEBUG n.processor.TaskPollingMonitor - Task completed > TaskHandler[id: 18; name: dellySVref (Dog3); status: COMPLETED; exit: 0; error: -; workDir: /home/gbussott/Desktop/GIP_githubRepo/nextflowImplementation/work/d3/3b732b82d58bb064a45eefe8864869]
Sep-22 10:12:51.587 [Task monitor] DEBUG n.processor.TaskPollingMonitor - Task completed > TaskHandler[id: 21; name: covPerGe (Dog1-P2); status: COMPLETED; exit: 0; error: -; workDir: /home/gbussott/Desktop/GIP_githubRepo/nextflowImplementation/work/30/cd947c72d7ecda80e8c780afbf7b87]
Sep-22 10:12:51.626 [Task submitter] DEBUG nextflow.executor.LocalTaskHandler - Launch cmd line: /bin/bash -ue .command.run
Sep-22 10:12:51.626 [Task submitter] INFO  nextflow.Session - [b1/37be7c] Submitted process > report (1)
Sep-22 10:12:53.622 [Task monitor] DEBUG n.processor.TaskPollingMonitor - Task completed > TaskHandler[id: 23; name: report (1); status: COMPLETED; exit: 0; error: -; workDir: /home/gbussott/Desktop/GIP_githubRepo/nextflowImplementation/work/b1/37be7cb2b8ddc6d362b5ccf7993f44]
Sep-22 10:12:55.173 [Task monitor] DEBUG n.processor.TaskPollingMonitor - Task completed > TaskHandler[id: 22; name: covPerGe (Dog3); status: COMPLETED; exit: 0; error: -; workDir: /home/gbussott/Desktop/GIP_githubRepo/nextflowImplementation/work/a7/c07284631174f761c1a2b8e0be5650]
Sep-22 10:12:55.189 [Task submitter] DEBUG nextflow.executor.LocalTaskHandler - Launch cmd line: /bin/bash -ue .command.run
Sep-22 10:12:55.189 [Task submitter] INFO  nextflow.Session - [37/85657d] Submitted process > report (2)
Sep-22 10:12:55.192 [Task submitter] DEBUG nextflow.executor.LocalTaskHandler - Launch cmd line: /bin/bash -ue .command.run
Sep-22 10:12:55.192 [Task submitter] INFO  nextflow.Session - [35/8f92db] Submitted process > covPerClstr
Sep-22 10:12:55.927 [Task monitor] DEBUG n.processor.TaskPollingMonitor - Task completed > TaskHandler[id: 25; name: covPerClstr; status: COMPLETED; exit: 0; error: -; workDir: /home/gbussott/Desktop/GIP_githubRepo/nextflowImplementation/work/35/8f92dbd22eeb672903ca71f71395c6]
Sep-22 10:12:57.234 [Task monitor] DEBUG n.processor.TaskPollingMonitor - Task completed > TaskHandler[id: 24; name: report (2); status: COMPLETED; exit: 0; error: -; workDir: /home/gbussott/Desktop/GIP_githubRepo/nextflowImplementation/work/37/85657d6da0207af9eac59445dac938]
Sep-22 10:12:57.237 [main] DEBUG nextflow.Session - Session await > all process finished
Sep-22 10:12:57.334 [main] DEBUG nextflow.Session - Session await > all barriers passed
Sep-22 10:12:57.339 [main] DEBUG nextflow.trace.WorkflowStatsObserver - Workflow completed > WorkflowStats[succeededCount=25; failedCount=0; ignoredCount=0; cachedCount=0; pendingCount=0; submittedCount=0; runningCount=0; retriesCount=0; abortedCount=0; succeedDuration=14m 56s; failedDuration=0ms; cachedDuration=0ms;loadCpus=0; loadMemory=0; peakRunning=4; peakCpus=4; peakMemory=136.7 KB; ]
Sep-22 10:12:57.539 [main] DEBUG nextflow.CacheDB - Closing CacheDB done
Sep-22 10:12:57.552 [main] DEBUG nextflow.script.ScriptRunner - > Execution complete -- Goodbye
